<?xml version="1.0" encoding="UTF-8"?>
<robot generator="Robot 6.1.1 (Python 3.11.4 on win32)" generated="20230808 12:18:20.992" rpa="false" schemaversion="4">
<suite id="s1" name="RobotFrame" source="C:\Users\dsonwane\PycharmProjects\RobotFrame">
<suite id="s1-s1" name="Tests" source="C:\Users\dsonwane\PycharmProjects\RobotFrame\tests">
<suite id="s1-s1-s1" name="testCreateDictionary" source="C:\Users\dsonwane\PycharmProjects\RobotFrame\tests\testCreateDictionary.robot">
<test id="s1-s1-s1-t1" name="Play around with dictionary" line="5">
<kw name="Create Dictionary" library="BuiltIn">
<var>&amp;{data}</var>
<arg>name=rahulshetty</arg>
<arg>course=robot</arg>
<arg>website=rahulshettyacademy.com</arg>
<doc>Creates and returns a dictionary based on the given ``items``.</doc>
<msg timestamp="20230808 12:18:21.027" level="INFO">&amp;{data} = { name=rahulshetty | course=robot | website=rahulshettyacademy.com }</msg>
<status status="PASS" starttime="20230808 12:18:21.027" endtime="20230808 12:18:21.027"/>
</kw>
<kw name="Log" library="BuiltIn">
<arg>${data}</arg>
<doc>Logs the given message with the given level.</doc>
<msg timestamp="20230808 12:18:21.028" level="INFO">{'name': 'rahulshetty', 'course': 'robot', 'website': 'rahulshettyacademy.com'}</msg>
<status status="PASS" starttime="20230808 12:18:21.028" endtime="20230808 12:18:21.028"/>
</kw>
<kw name="Dictionary Should Contain Key" library="Collections">
<arg>${data}</arg>
<arg>name</arg>
<doc>Fails if ``key`` is not found from ``dictionary``.</doc>
<status status="PASS" starttime="20230808 12:18:21.028" endtime="20230808 12:18:21.029"/>
</kw>
<kw name="Log" library="BuiltIn">
<arg>${data}[name]</arg>
<doc>Logs the given message with the given level.</doc>
<msg timestamp="20230808 12:18:21.029" level="INFO">rahulshetty</msg>
<status status="PASS" starttime="20230808 12:18:21.029" endtime="20230808 12:18:21.029"/>
</kw>
<kw name="Get From Dictionary" library="Collections">
<var>${url}</var>
<arg>${data}</arg>
<arg>website</arg>
<doc>Returns a value from the given ``dictionary`` based on the given ``key``.</doc>
<msg timestamp="20230808 12:18:21.031" level="INFO">${url} = rahulshettyacademy.com</msg>
<status status="PASS" starttime="20230808 12:18:21.031" endtime="20230808 12:18:21.031"/>
</kw>
<kw name="Log" library="BuiltIn">
<arg>${url}</arg>
<doc>Logs the given message with the given level.</doc>
<msg timestamp="20230808 12:18:21.031" level="INFO">rahulshettyacademy.com</msg>
<status status="PASS" starttime="20230808 12:18:21.031" endtime="20230808 12:18:21.031"/>
</kw>
<status status="PASS" starttime="20230808 12:18:21.026" endtime="20230808 12:18:21.032"/>
</test>
<status status="PASS" starttime="20230808 12:18:21.019" endtime="20230808 12:18:21.033"/>
</suite>
<status status="PASS" starttime="20230808 12:18:21.017" endtime="20230808 12:18:21.035"/>
</suite>
<status status="PASS" starttime="20230808 12:18:20.994" endtime="20230808 12:18:21.036"/>
</suite>
<statistics>
<total>
<stat pass="1" fail="0" skip="0">All Tests</stat>
</total>
<tag>
</tag>
<suite>
<stat pass="1" fail="0" skip="0" id="s1" name="RobotFrame">RobotFrame</stat>
<stat pass="1" fail="0" skip="0" id="s1-s1" name="Tests">RobotFrame.Tests</stat>
<stat pass="1" fail="0" skip="0" id="s1-s1-s1" name="testCreateDictionary">RobotFrame.Tests.testCreateDictionary</stat>
</suite>
</statistics>
<errors>
</errors>
</robot>
