<?xml version="1.0" encoding="UTF-8"?>
<robot generator="Robot 6.1.1 (Python 3.11.4 on win32)" generated="20230809 10:50:39.642" rpa="false" schemaversion="4">
<suite id="s1" name="testCreateDictionary" source="C:\Users\dsonwane\PycharmProjects\RobotFrame\tests\testCreateDictionary.robot">
<test id="s1-t1" name="Play around with dictionary" line="10">
<kw name="Create Dictionary" library="BuiltIn">
<var>&amp;{data}</var>
<arg>name=rahulshetty</arg>
<arg>course=robot</arg>
<arg>website=rahulshettyacademy.com</arg>
<doc>Creates and returns a dictionary based on the given ``items``.</doc>
<msg timestamp="20230809 10:50:39.764" level="INFO">&amp;{data} = { name=rahulshetty | course=robot | website=rahulshettyacademy.com }</msg>
<status status="PASS" starttime="20230809 10:50:39.763" endtime="20230809 10:50:39.764"/>
</kw>
<kw name="Log" library="BuiltIn">
<arg>${data}</arg>
<doc>Logs the given message with the given level.</doc>
<msg timestamp="20230809 10:50:39.765" level="INFO">{'name': 'rahulshetty', 'course': 'robot', 'website': 'rahulshettyacademy.com'}</msg>
<status status="PASS" starttime="20230809 10:50:39.765" endtime="20230809 10:50:39.765"/>
</kw>
<kw name="Dictionary Should Contain Key" library="Collections">
<arg>${data}</arg>
<arg>name</arg>
<doc>Fails if ``key`` is not found from ``dictionary``.</doc>
<status status="PASS" starttime="20230809 10:50:39.766" endtime="20230809 10:50:39.766"/>
</kw>
<kw name="Log" library="BuiltIn">
<arg>${data}[name]</arg>
<doc>Logs the given message with the given level.</doc>
<msg timestamp="20230809 10:50:39.766" level="INFO">rahulshetty</msg>
<status status="PASS" starttime="20230809 10:50:39.766" endtime="20230809 10:50:39.766"/>
</kw>
<kw name="Get From Dictionary" library="Collections">
<var>${url}</var>
<arg>${data}</arg>
<arg>website</arg>
<doc>Returns a value from the given ``dictionary`` based on the given ``key``.</doc>
<msg timestamp="20230809 10:50:39.767" level="INFO">${url} = rahulshettyacademy.com</msg>
<status status="PASS" starttime="20230809 10:50:39.767" endtime="20230809 10:50:39.767"/>
</kw>
<kw name="Log" library="BuiltIn">
<arg>${url}</arg>
<doc>Logs the given message with the given level.</doc>
<msg timestamp="20230809 10:50:39.767" level="INFO">rahulshettyacademy.com</msg>
<status status="PASS" starttime="20230809 10:50:39.767" endtime="20230809 10:50:39.767"/>
</kw>
<status status="PASS" starttime="20230809 10:50:39.763" endtime="20230809 10:50:39.768"/>
</test>
<test id="s1-t2" name="Add Book into Library Database" line="18">
<kw name="Create Dictionary" library="BuiltIn">
<var>&amp;{body}</var>
<arg>name=${book_name}</arg>
<arg>isbn=20</arg>
<arg>aisle=20</arg>
<arg>author=Piyush</arg>
<doc>Creates and returns a dictionary based on the given ``items``.</doc>
<msg timestamp="20230809 10:50:39.770" level="INFO">&amp;{body} = { name=RobotFramework | isbn=20 | aisle=20 | author=Piyush }</msg>
<status status="PASS" starttime="20230809 10:50:39.770" endtime="20230809 10:50:39.770"/>
</kw>
<kw name="POST" library="RequestsLibrary">
<var>${response}</var>
<arg>${base-url}/Library/Addbook.php</arg>
<arg>json=${body}</arg>
<arg>expected_status=200</arg>
<doc>Sends a POST request.</doc>
<msg timestamp="20230809 10:50:39.879" level="INFO">POST Request : url=https://rahulshettyacademy.com/Library/Addbook.php 
 path_url=/Library/Addbook.php 
 headers={'User-Agent': 'python-requests/2.31.0', 'Accept-Encoding': 'gzip, deflate', 'Accept': '*/*', 'Connection': 'keep-alive', 'Content-Length': '75', 'Content-Type': 'application/json'} 
 body=b'{"name": "RobotFramework", "isbn": "20", "aisle": "20", "author": "Piyush"}' 
 </msg>
<msg timestamp="20230809 10:50:39.880" level="INFO">POST Response : url=https://rahulshettyacademy.com/Library/Addbook.php 
 status=200, reason=OK 
 headers={'Date': 'Wed, 09 Aug 2023 05:20:39 GMT', 'Server': 'Apache/2.4.52 (Ubuntu)', 'Access-Control-Allow-Origin': '*', 'Access-Control-Allow-Methods': 'POST', 'Access-Control-Max-Age': '3600', 'Access-Control-Allow-Headers': 'Content-Type, Access-Control-Allow-Headers, Authorization, X-Requested-With', 'Content-Length': '40', 'Keep-Alive': 'timeout=5, max=100', 'Connection': 'Keep-Alive', 'Content-Type': 'application/json;charset=UTF-8'} 
 body={"Msg":"successfully added","ID":"2020"} 
 </msg>
<msg timestamp="20230809 10:50:39.880" level="INFO">${response} = &lt;Response [200]&gt;</msg>
<status status="PASS" starttime="20230809 10:50:39.771" endtime="20230809 10:50:39.880"/>
</kw>
<kw name="Log" library="BuiltIn">
<arg>${response.json()}</arg>
<doc>Logs the given message with the given level.</doc>
<msg timestamp="20230809 10:50:39.882" level="INFO">{'Msg': 'successfully added', 'ID': '2020'}</msg>
<status status="PASS" starttime="20230809 10:50:39.881" endtime="20230809 10:50:39.882"/>
</kw>
<kw name="Dictionary Should Contain Key" library="Collections">
<arg>${response.json()}</arg>
<arg>ID</arg>
<doc>Fails if ``key`` is not found from ``dictionary``.</doc>
<status status="PASS" starttime="20230809 10:50:39.883" endtime="20230809 10:50:39.884"/>
</kw>
<kw name="Get From Dictionary" library="Collections">
<var>${book_id}</var>
<arg>${response.json()}</arg>
<arg>ID</arg>
<doc>Returns a value from the given ``dictionary`` based on the given ``key``.</doc>
<msg timestamp="20230809 10:50:39.886" level="INFO">${book_id} = 2020</msg>
<status status="PASS" starttime="20230809 10:50:39.885" endtime="20230809 10:50:39.886"/>
</kw>
<kw name="Set Global Variable" library="BuiltIn">
<arg>${book_id}</arg>
<doc>Makes a variable available globally in all tests and suites.</doc>
<msg timestamp="20230809 10:50:39.887" level="INFO">${book_id} = 2020</msg>
<status status="PASS" starttime="20230809 10:50:39.887" endtime="20230809 10:50:39.888"/>
</kw>
<kw name="Log" library="BuiltIn">
<arg>${book_id}</arg>
<doc>Logs the given message with the given level.</doc>
<msg timestamp="20230809 10:50:39.889" level="INFO">2020</msg>
<status status="PASS" starttime="20230809 10:50:39.889" endtime="20230809 10:50:39.889"/>
</kw>
<kw name="Should Be Equal As Strings" library="BuiltIn">
<arg>successfully added</arg>
<arg>${response.json()}[Msg]</arg>
<doc>Fails if objects are unequal after converting them to strings.</doc>
<status status="PASS" starttime="20230809 10:50:39.890" endtime="20230809 10:50:39.891"/>
</kw>
<status status="PASS" starttime="20230809 10:50:39.769" endtime="20230809 10:50:39.892"/>
</test>
<test id="s1-t3" name="Get the book detail whivch we have added" line="28">
<kw name="GET" library="RequestsLibrary">
<var>${get_resp}</var>
<arg>${base-url}/Library/GetBook.php</arg>
<arg>params=ID=${book_id}</arg>
<arg>expected_status=200</arg>
<doc>Sends a GET request.</doc>
<msg timestamp="20230809 10:50:39.989" level="INFO">GET Request : url=https://rahulshettyacademy.com/Library/GetBook.php?ID=2020 
 path_url=/Library/GetBook.php?ID=2020 
 headers={'User-Agent': 'python-requests/2.31.0', 'Accept-Encoding': 'gzip, deflate', 'Accept': '*/*', 'Connection': 'keep-alive'} 
 body=None 
 </msg>
<msg timestamp="20230809 10:50:39.990" level="INFO">GET Response : url=https://rahulshettyacademy.com/Library/GetBook.php?ID=2020 
 status=200, reason=OK 
 headers={'Date': 'Wed, 09 Aug 2023 05:20:39 GMT', 'Server': 'Apache/2.4.52 (Ubuntu)', 'Access-Control-Allow-Origin': '*', 'Access-Control-Allow-Methods': 'POST', 'Access-Control-Max-Age': '3600', 'Access-Control-Allow-Headers': 'Content-Type, Access-Control-Allow-Headers, Authorization, X-Requested-With', 'Content-Length': '75', 'Keep-Alive': 'timeout=5, max=100', 'Connection': 'Keep-Alive', 'Content-Type': 'application/json;charset=UTF-8'} 
 body=[{"book_name":"RobotFramework","isbn":"20","aisle":"20","author":"Piyush"}] 
 </msg>
<msg timestamp="20230809 10:50:39.990" level="INFO">${get_resp} = &lt;Response [200]&gt;</msg>
<status status="PASS" starttime="20230809 10:50:39.896" endtime="20230809 10:50:39.990"/>
</kw>
<kw name="Log" library="BuiltIn">
<arg>${get_resp.json()}</arg>
<doc>Logs the given message with the given level.</doc>
<msg timestamp="20230809 10:50:39.993" level="INFO">[{'book_name': 'RobotFramework', 'isbn': '20', 'aisle': '20', 'author': 'Piyush'}]</msg>
<status status="PASS" starttime="20230809 10:50:39.991" endtime="20230809 10:50:39.993"/>
</kw>
<kw name="Should Be Equal As Strings" library="BuiltIn">
<arg>${book_name}</arg>
<arg>${get_resp.json()}[0][book_name]</arg>
<doc>Fails if objects are unequal after converting them to strings.</doc>
<status status="PASS" starttime="20230809 10:50:39.994" endtime="20230809 10:50:39.996"/>
</kw>
<status status="PASS" starttime="20230809 10:50:39.895" endtime="20230809 10:50:39.997"/>
</test>
<test id="s1-t4" name="Delete the book from database" line="33">
<kw name="Create Dictionary" library="BuiltIn">
<var>&amp;{delete_req}</var>
<arg>ID=${book_id}</arg>
<doc>Creates and returns a dictionary based on the given ``items``.</doc>
<msg timestamp="20230809 10:50:40.003" level="INFO">&amp;{delete_req} = { ID=2020 }</msg>
<status status="PASS" starttime="20230809 10:50:40.002" endtime="20230809 10:50:40.003"/>
</kw>
<kw name="POST" library="RequestsLibrary">
<var>${delete_resp}</var>
<arg>${base-url}/Library/DeleteBook.php</arg>
<arg>json=${delete_req}</arg>
<arg>expected_status=200</arg>
<doc>Sends a POST request.</doc>
<msg timestamp="20230809 10:50:40.123" level="INFO">POST Request : url=https://rahulshettyacademy.com/Library/DeleteBook.php 
 path_url=/Library/DeleteBook.php 
 headers={'User-Agent': 'python-requests/2.31.0', 'Accept-Encoding': 'gzip, deflate', 'Accept': '*/*', 'Connection': 'keep-alive', 'Content-Length': '14', 'Content-Type': 'application/json'} 
 body=b'{"ID": "2020"}' 
 </msg>
<msg timestamp="20230809 10:50:40.124" level="INFO">POST Response : url=https://rahulshettyacademy.com/Library/DeleteBook.php 
 status=200, reason=OK 
 headers={'Date': 'Wed, 09 Aug 2023 05:20:39 GMT', 'Server': 'Apache/2.4.52 (Ubuntu)', 'Access-Control-Allow-Origin': '*', 'Access-Control-Allow-Methods': 'POST', 'Access-Control-Max-Age': '3600', 'Access-Control-Allow-Headers': 'Content-Type, Access-Control-Allow-Headers, Authorization, X-Requested-With', 'Content-Length': '38', 'Keep-Alive': 'timeout=5, max=100', 'Connection': 'Keep-Alive', 'Content-Type': 'application/json;charset=UTF-8'} 
 body={"msg":"book is successfully deleted"} 
 </msg>
<msg timestamp="20230809 10:50:40.128" level="INFO">${delete_resp} = &lt;Response [200]&gt;</msg>
<status status="PASS" starttime="20230809 10:50:40.005" endtime="20230809 10:50:40.128"/>
</kw>
<kw name="Log" library="BuiltIn">
<arg>${delete_resp.json()}</arg>
<doc>Logs the given message with the given level.</doc>
<msg timestamp="20230809 10:50:40.131" level="INFO">{'msg': 'book is successfully deleted'}</msg>
<status status="PASS" starttime="20230809 10:50:40.129" endtime="20230809 10:50:40.131"/>
</kw>
<kw name="Should Be Equal As Strings" library="BuiltIn">
<arg>book is successfully deleted</arg>
<arg>${delete_resp.json()}[msg]</arg>
<doc>Fails if objects are unequal after converting them to strings.</doc>
<status status="PASS" starttime="20230809 10:50:40.132" endtime="20230809 10:50:40.134"/>
</kw>
<status status="PASS" starttime="20230809 10:50:40.000" endtime="20230809 10:50:40.135"/>
</test>
<status status="PASS" starttime="20230809 10:50:39.644" endtime="20230809 10:50:40.139"/>
</suite>
<statistics>
<total>
<stat pass="4" fail="0" skip="0">All Tests</stat>
</total>
<tag>
</tag>
<suite>
<stat pass="4" fail="0" skip="0" id="s1" name="testCreateDictionary">testCreateDictionary</stat>
</suite>
</statistics>
<errors>
</errors>
</robot>
